<?xml version="1.0" encoding="UTF-8"?>
<!-- Generated by org.testng.reporters.JUnitReportReporter -->
<testsuite hostname="ABPDigitalNoida-13724" name="planner.storyOpen" tests="1" failures="0" timestamp="9 Jul 2018 06:00:39 GMT" time="39.622" errors="0">
  <testcase name="Openstory" time="39.622" classname="planner.storyOpen"/>
</testsuite> <!-- planner.storyOpen -->
