<?xml version="1.0" encoding="UTF-8"?>
<!-- Generated by org.testng.reporters.JUnitReportReporter -->
<testsuite hostname="ABPDigitalNoida-13724" name="planner.approveStory" tests="1" failures="0" timestamp="11 Apr 2018 14:17:56 GMT" time="44.536" errors="0">
  <testcase name="story_approve" time="44.536" classname="planner.approveStory"/>
</testsuite> <!-- planner.approveStory -->
