<?xml version="1.0" encoding="UTF-8"?>
<!-- Generated by org.testng.reporters.JUnitReportReporter -->
<testsuite hostname="ABPDigitalNoida-13724" name="planner.storyOpen" tests="1" failures="0" timestamp="11 Apr 2018 13:19:06 GMT" time="38.944" errors="0">
  <testcase name="Openstory" time="38.944" classname="planner.storyOpen"/>
</testsuite> <!-- planner.storyOpen -->
