<?xml version="1.0" encoding="UTF-8"?>
<!-- Generated by org.testng.reporters.JUnitReportReporter -->
<testsuite hostname="ABPDigitalNoida-13724" name="planner.approveStory" tests="1" failures="0" timestamp="10 Jul 2018 09:26:37 GMT" time="48.016" errors="0">
  <testcase name="story_approve" time="48.016" classname="planner.approveStory"/>
</testsuite> <!-- planner.approveStory -->
