<?xml version="1.0" encoding="UTF-8"?>
<!-- Generated by org.testng.reporters.JUnitReportReporter -->
<testsuite hostname="ABPDigitalNoida-13724" name="planner.publish_story" tests="1" failures="0" timestamp="10 Jul 2018 09:35:10 GMT" time="61.185" errors="0">
  <testcase name="story_publish" time="61.185" classname="planner.publish_story"/>
</testsuite> <!-- planner.publish_story -->
