<?xml version="1.0" encoding="UTF-8"?>
<!-- Generated by org.testng.reporters.JUnitReportReporter -->
<testsuite hostname="ABPDigitalNoida-13724" name="planner.storyPromote" tests="1" failures="0" timestamp="9 Jul 2018 05:59:17 GMT" time="45.284" errors="0">
  <testcase name="story_promote" time="45.284" classname="planner.storyPromote"/>
</testsuite> <!-- planner.storyPromote -->
