<?xml version="1.0" encoding="UTF-8"?>
<!-- Generated by org.testng.reporters.JUnitReportReporter -->
<testsuite hostname="ABPDigitalNoida-13724" name="story.blank_story" tests="1" failures="0" timestamp="4 May 2018 07:42:43 GMT" time="74.358" errors="0">
  <testcase name="story_create" time="74.358" classname="story.blank_story"/>
</testsuite> <!-- story.blank_story -->
