<?xml version="1.0" encoding="UTF-8"?>
<!-- Generated by org.testng.reporters.JUnitReportReporter -->
<testsuite hostname="ABPDigitalNoida-13724" name="planner.story_collection_check" tests="1" failures="0" timestamp="11 Apr 2018 14:32:30 GMT" time="50.832" errors="0">
  <testcase name="story_collection" time="50.832" classname="planner.story_collection_check"/>
</testsuite> <!-- planner.story_collection_check -->
