<?xml version="1.0" encoding="UTF-8"?>
<!-- Generated by org.testng.reporters.JUnitReportReporter -->
<testsuite hostname="ABPDigitalNoida-13724" name="base.login" tests="1" failures="0" timestamp="10 Jul 2018 07:25:18 GMT" time="27.741" errors="0">
  <testcase name="hamburger_click" time="27.741" classname="base.login"/>
</testsuite> <!-- base.login -->
