<?xml version="1.0" encoding="UTF-8"?>
<!-- Generated by org.testng.reporters.JUnitReportReporter -->
<testsuite hostname="ABPDigitalNoida-13724" name="workspace.Openstory_assertion" tests="1" failures="0" timestamp="22 Feb 2018 11:30:41 GMT" time="64.591" errors="0">
  <testcase name="openstory_assertion" time="64.591" classname="workspace.Openstory_assertion"/>
</testsuite> <!-- workspace.Openstory_assertion -->
