<?xml version="1.0" encoding="UTF-8"?>
<!-- Generated by org.testng.reporters.JUnitReportReporter -->
<testsuite hostname="ABPDigitalNoida-13724" name="planner.Idea_creation" tests="1" failures="0" timestamp="30 May 2018 07:25:42 GMT" time="90.667" errors="0">
  <testcase name="idea_create" time="90.667" classname="planner.Idea_creation"/>
</testsuite> <!-- planner.Idea_creation -->
