<?xml version="1.0" encoding="UTF-8"?>
<!-- Generated by org.testng.reporters.JUnitReportReporter -->
<testsuite hostname="ABPDigitalNoida-13724" name="planner.idea_rejection" tests="1" failures="0" timestamp="16 Apr 2018 12:39:54 GMT" time="87.807" errors="0">
  <testcase name="idea_reject" time="87.807" classname="planner.idea_rejection"/>
</testsuite> <!-- planner.idea_rejection -->
